{"D:\\CSMAX576\\Backup\\backup0209\\Food Delivery\\admin\\src\\assets\\assets.js": {"path":"D:\\CSMAX576\\Backup\\backup0209\\Food Delivery\\admin\\src\\assets\\assets.js","statementMap":{"0":{"start":{"line":18,"column":22},"end":{"line":34,"column":1}},"1":{"start":{"line":36,"column":25},"end":{"line":74,"column":1}},"2":{"start":{"line":76,"column":25},"end":{"line":172,"column":1}}},"fnMap":{},"branchMap":{},"s":{"0":2,"1":2,"2":2},"f":{},"b":{},"_coverageSchema":"1a1c01bbd47fc00a2c39e90264f33305004495a9","hash":"b9d58c41f624cd5658cf83e2b818599dc99658c6"}
,"D:\\CSMAX576\\Backup\\backup0209\\Food Delivery\\admin\\src\\components\\Navbar\\Navbar.jsx": {"path":"D:\\CSMAX576\\Backup\\backup0209\\Food Delivery\\admin\\src\\components\\Navbar\\Navbar.jsx","statementMap":{"0":{"start":{"line":10,"column":15},"end":{"line":34,"column":1}},"1":{"start":{"line":11,"column":2},"end":{"line":33,"column":4}}},"fnMap":{"0":{"name":"(anonymous_0)","decl":{"start":{"line":10,"column":15},"end":{"line":10,"column":16}},"loc":{"start":{"line":10,"column":33},"end":{"line":34,"column":1}},"line":10}},"branchMap":{},"s":{"0":1,"1":1},"f":{"0":1},"b":{},"_coverageSchema":"1a1c01bbd47fc00a2c39e90264f33305004495a9","hash":"bfe438de30c97ef839a8fed4c1fff4c4f7a725f1"}
,"D:\\CSMAX576\\Backup\\backup0209\\Food Delivery\\admin\\src\\pages\\AddFood\\AddFood.jsx": {"path":"D:\\CSMAX576\\Backup\\backup0209\\Food Delivery\\admin\\src\\pages\\AddFood\\AddFood.jsx","statementMap":{"0":{"start":{"line":9,"column":16},"end":{"line":147,"column":1}},"1":{"start":{"line":10,"column":28},"end":{"line":10,"column":43}},"2":{"start":{"line":11,"column":26},"end":{"line":16,"column":4}},"3":{"start":{"line":18,"column":30},"end":{"line":18,"column":42}},"4":{"start":{"line":20,"column":23},"end":{"line":30,"column":3}},"5":{"start":{"line":21,"column":22},"end":{"line":21,"column":24}},"6":{"start":{"line":23,"column":4},"end":{"line":23,"column":71}},"7":{"start":{"line":23,"column":27},"end":{"line":23,"column":71}},"8":{"start":{"line":24,"column":4},"end":{"line":24,"column":92}},"9":{"start":{"line":24,"column":34},"end":{"line":24,"column":92}},"10":{"start":{"line":25,"column":4},"end":{"line":25,"column":92}},"11":{"start":{"line":25,"column":40},"end":{"line":25,"column":92}},"12":{"start":{"line":26,"column":4},"end":{"line":26,"column":54}},"13":{"start":{"line":26,"column":16},"end":{"line":26,"column":54}},"14":{"start":{"line":28,"column":4},"end":{"line":28,"column":25}},"15":{"start":{"line":29,"column":4},"end":{"line":29,"column":47}},"16":{"start":{"line":32,"column":26},"end":{"line":36,"column":3}},"17":{"start":{"line":33,"column":17},"end":{"line":33,"column":34}},"18":{"start":{"line":34,"column":18},"end":{"line":34,"column":36}},"19":{"start":{"line":35,"column":4},"end":{"line":35,"column":52}},"20":{"start":{"line":35,"column":23},"end":{"line":35,"column":49}},"21":{"start":{"line":38,"column":2},"end":{"line":40,"column":13}},"22":{"start":{"line":39,"column":4},"end":{"line":39,"column":22}},"23":{"start":{"line":42,"column":26},"end":{"line":77,"column":3}},"24":{"start":{"line":43,"column":4},"end":{"line":43,"column":27}},"25":{"start":{"line":45,"column":4},"end":{"line":48,"column":5}},"26":{"start":{"line":46,"column":6},"end":{"line":46,"column":60}},"27":{"start":{"line":47,"column":6},"end":{"line":47,"column":13}},"28":{"start":{"line":50,"column":21},"end":{"line":50,"column":35}},"29":{"start":{"line":51,"column":4},"end":{"line":51,"column":39}},"30":{"start":{"line":52,"column":4},"end":{"line":52,"column":53}},"31":{"start":{"line":53,"column":4},"end":{"line":53,"column":49}},"32":{"start":{"line":54,"column":4},"end":{"line":54,"column":47}},"33":{"start":{"line":55,"column":4},"end":{"line":55,"column":36}},"34":{"start":{"line":57,"column":4},"end":{"line":76,"column":5}},"35":{"start":{"line":58,"column":23},"end":{"line":58,"column":72}},"36":{"start":{"line":59,"column":6},"end":{"line":72,"column":7}},"37":{"start":{"line":60,"column":8},"end":{"line":60,"column":34}},"38":{"start":{"line":61,"column":8},"end":{"line":66,"column":11}},"39":{"start":{"line":67,"column":8},"end":{"line":67,"column":24}},"40":{"start":{"line":68,"column":8},"end":{"line":68,"column":45}},"41":{"start":{"line":70,"column":8},"end":{"line":70,"column":43}},"42":{"start":{"line":71,"column":8},"end":{"line":71,"column":37}},"43":{"start":{"line":74,"column":6},"end":{"line":74,"column":67}},"44":{"start":{"line":75,"column":6},"end":{"line":75,"column":49}},"45":{"start":{"line":79,"column":2},"end":{"line":146,"column":4}},"46":{"start":{"line":89,"column":29},"end":{"line":89,"column":56}}},"fnMap":{"0":{"name":"(anonymous_0)","decl":{"start":{"line":9,"column":16},"end":{"line":9,"column":17}},"loc":{"start":{"line":9,"column":29},"end":{"line":147,"column":1}},"line":9},"1":{"name":"(anonymous_1)","decl":{"start":{"line":20,"column":23},"end":{"line":20,"column":24}},"loc":{"start":{"line":20,"column":29},"end":{"line":30,"column":3}},"line":20},"2":{"name":"(anonymous_2)","decl":{"start":{"line":32,"column":26},"end":{"line":32,"column":27}},"loc":{"start":{"line":32,"column":37},"end":{"line":36,"column":3}},"line":32},"3":{"name":"(anonymous_3)","decl":{"start":{"line":35,"column":12},"end":{"line":35,"column":13}},"loc":{"start":{"line":35,"column":23},"end":{"line":35,"column":49}},"line":35},"4":{"name":"(anonymous_4)","decl":{"start":{"line":38,"column":12},"end":{"line":38,"column":13}},"loc":{"start":{"line":38,"column":18},"end":{"line":40,"column":3}},"line":38},"5":{"name":"(anonymous_5)","decl":{"start":{"line":42,"column":26},"end":{"line":42,"column":27}},"loc":{"start":{"line":42,"column":43},"end":{"line":77,"column":3}},"line":42},"6":{"name":"(anonymous_6)","decl":{"start":{"line":89,"column":22},"end":{"line":89,"column":23}},"loc":{"start":{"line":89,"column":29},"end":{"line":89,"column":56}},"line":89}},"branchMap":{"0":{"loc":{"start":{"line":23,"column":4},"end":{"line":23,"column":71}},"type":"if","locations":[{"start":{"line":23,"column":4},"end":{"line":23,"column":71}},{"start":{},"end":{}}],"line":23},"1":{"loc":{"start":{"line":24,"column":4},"end":{"line":24,"column":92}},"type":"if","locations":[{"start":{"line":24,"column":4},"end":{"line":24,"column":92}},{"start":{},"end":{}}],"line":24},"2":{"loc":{"start":{"line":25,"column":4},"end":{"line":25,"column":92}},"type":"if","locations":[{"start":{"line":25,"column":4},"end":{"line":25,"column":92}},{"start":{},"end":{}}],"line":25},"3":{"loc":{"start":{"line":25,"column":8},"end":{"line":25,"column":38}},"type":"binary-expr","locations":[{"start":{"line":25,"column":8},"end":{"line":25,"column":19}},{"start":{"line":25,"column":23},"end":{"line":25,"column":38}}],"line":25},"4":{"loc":{"start":{"line":26,"column":4},"end":{"line":26,"column":54}},"type":"if","locations":[{"start":{"line":26,"column":4},"end":{"line":26,"column":54}},{"start":{},"end":{}}],"line":26},"5":{"loc":{"start":{"line":45,"column":4},"end":{"line":48,"column":5}},"type":"if","locations":[{"start":{"line":45,"column":4},"end":{"line":48,"column":5}},{"start":{},"end":{}}],"line":45},"6":{"loc":{"start":{"line":59,"column":6},"end":{"line":72,"column":7}},"type":"if","locations":[{"start":{"line":59,"column":6},"end":{"line":72,"column":7}},{"start":{"line":69,"column":13},"end":{"line":72,"column":7}}],"line":59},"7":{"loc":{"start":{"line":86,"column":22},"end":{"line":86,"column":72}},"type":"cond-expr","locations":[{"start":{"line":86,"column":30},"end":{"line":86,"column":56}},{"start":{"line":86,"column":59},"end":{"line":86,"column":72}}],"line":86},"8":{"loc":{"start":{"line":95,"column":11},"end":{"line":95,"column":74}},"type":"binary-expr","locations":[{"start":{"line":95,"column":11},"end":{"line":95,"column":23}},{"start":{"line":95,"column":27},"end":{"line":95,"column":74}}],"line":95},"9":{"loc":{"start":{"line":100,"column":11},"end":{"line":100,"column":72}},"type":"binary-expr","locations":[{"start":{"line":100,"column":11},"end":{"line":100,"column":22}},{"start":{"line":100,"column":26},"end":{"line":100,"column":72}}],"line":100},"10":{"loc":{"start":{"line":112,"column":11},"end":{"line":112,"column":86}},"type":"binary-expr","locations":[{"start":{"line":112,"column":11},"end":{"line":112,"column":29}},{"start":{"line":112,"column":33},"end":{"line":112,"column":86}}],"line":112},"11":{"loc":{"start":{"line":138,"column":13},"end":{"line":138,"column":76}},"type":"binary-expr","locations":[{"start":{"line":138,"column":13},"end":{"line":138,"column":25}},{"start":{"line":138,"column":29},"end":{"line":138,"column":76}}],"line":138}},"s":{"0":1,"1":12,"2":12,"3":12,"4":12,"5":2,"6":2,"7":0,"8":2,"9":0,"10":2,"11":0,"12":2,"13":2,"14":2,"15":2,"16":12,"17":6,"18":6,"19":6,"20":6,"21":12,"22":10,"23":12,"24":2,"25":2,"26":2,"27":2,"28":0,"29":0,"30":0,"31":0,"32":0,"33":0,"34":0,"35":0,"36":0,"37":0,"38":0,"39":0,"40":0,"41":0,"42":0,"43":0,"44":0,"45":12,"46":0},"f":{"0":12,"1":2,"2":6,"3":6,"4":10,"5":2,"6":0},"b":{"0":[0,2],"1":[0,2],"2":[0,2],"3":[2,2],"4":[2,0],"5":[2,0],"6":[0,0],"7":[0,12],"8":[12,2],"9":[12,0],"10":[12,0],"11":[12,0]},"_coverageSchema":"1a1c01bbd47fc00a2c39e90264f33305004495a9","hash":"41162d0547ae824974cb4e891b8cb73b0c2c641e"}
,"D:\\CSMAX576\\Backup\\backup0209\\Food Delivery\\admin\\src\\pages\\ListFood\\ListFood.jsx": {"path":"D:\\CSMAX576\\Backup\\backup0209\\Food Delivery\\admin\\src\\pages\\ListFood\\ListFood.jsx","statementMap":{"0":{"start":{"line":7,"column":17},"end":{"line":64,"column":1}},"1":{"start":{"line":8,"column":27},"end":{"line":8,"column":39}},"2":{"start":{"line":9,"column":22},"end":{"line":19,"column":5}},"3":{"start":{"line":10,"column":25},"end":{"line":10,"column":64}},"4":{"start":{"line":11,"column":8},"end":{"line":11,"column":34}},"5":{"start":{"line":12,"column":8},"end":{"line":17,"column":9}},"6":{"start":{"line":13,"column":12},"end":{"line":13,"column":39}},"7":{"start":{"line":16,"column":12},"end":{"line":16,"column":32}},"8":{"start":{"line":21,"column":22},"end":{"line":30,"column":5}},"9":{"start":{"line":22,"column":25},"end":{"line":22,"column":79}},"10":{"start":{"line":23,"column":8},"end":{"line":23,"column":26}},"11":{"start":{"line":24,"column":8},"end":{"line":29,"column":9}},"12":{"start":{"line":25,"column":12},"end":{"line":25,"column":48}},"13":{"start":{"line":28,"column":12},"end":{"line":28,"column":32}},"14":{"start":{"line":32,"column":0},"end":{"line":34,"column":5}},"15":{"start":{"line":33,"column":4},"end":{"line":33,"column":16}},"16":{"start":{"line":36,"column":2},"end":{"line":63,"column":3}},"17":{"start":{"line":49,"column":16},"end":{"line":59,"column":17}},"18":{"start":{"line":55,"column":40},"end":{"line":55,"column":60}}},"fnMap":{"0":{"name":"(anonymous_0)","decl":{"start":{"line":7,"column":17},"end":{"line":7,"column":18}},"loc":{"start":{"line":7,"column":28},"end":{"line":64,"column":1}},"line":7},"1":{"name":"(anonymous_1)","decl":{"start":{"line":9,"column":22},"end":{"line":9,"column":23}},"loc":{"start":{"line":9,"column":33},"end":{"line":19,"column":5}},"line":9},"2":{"name":"(anonymous_2)","decl":{"start":{"line":21,"column":22},"end":{"line":21,"column":23}},"loc":{"start":{"line":21,"column":39},"end":{"line":30,"column":5}},"line":21},"3":{"name":"(anonymous_3)","decl":{"start":{"line":32,"column":10},"end":{"line":32,"column":11}},"loc":{"start":{"line":32,"column":14},"end":{"line":34,"column":1}},"line":32},"4":{"name":"(anonymous_4)","decl":{"start":{"line":48,"column":22},"end":{"line":48,"column":23}},"loc":{"start":{"line":48,"column":36},"end":{"line":60,"column":13}},"line":48},"5":{"name":"(anonymous_5)","decl":{"start":{"line":55,"column":36},"end":{"line":55,"column":37}},"loc":{"start":{"line":55,"column":40},"end":{"line":55,"column":60}},"line":55}},"branchMap":{"0":{"loc":{"start":{"line":12,"column":8},"end":{"line":17,"column":9}},"type":"if","locations":[{"start":{"line":12,"column":8},"end":{"line":17,"column":9}},{"start":{"line":15,"column":12},"end":{"line":17,"column":9}}],"line":12},"1":{"loc":{"start":{"line":24,"column":8},"end":{"line":29,"column":9}},"type":"if","locations":[{"start":{"line":24,"column":8},"end":{"line":29,"column":9}},{"start":{"line":27,"column":12},"end":{"line":29,"column":9}}],"line":24}},"s":{"0":1,"1":2,"2":2,"3":1,"4":1,"5":1,"6":1,"7":0,"8":2,"9":0,"10":0,"11":0,"12":0,"13":0,"14":2,"15":1,"16":2,"17":2,"18":0},"f":{"0":2,"1":1,"2":0,"3":1,"4":2,"5":0},"b":{"0":[1,0],"1":[0,0]},"_coverageSchema":"1a1c01bbd47fc00a2c39e90264f33305004495a9","hash":"da0cfe4de05cfff1f8b7a79762dfae9e0ea924d1"}
,"D:\\CSMAX576\\Backup\\backup0209\\Food Delivery\\admin\\src\\pages\\Login\\Login.jsx": {"path":"D:\\CSMAX576\\Backup\\backup0209\\Food Delivery\\admin\\src\\pages\\Login\\Login.jsx","statementMap":{"0":{"start":{"line":8,"column":14},"end":{"line":60,"column":1}},"1":{"start":{"line":9,"column":14},"end":{"line":9,"column":37}},"2":{"start":{"line":10,"column":26},"end":{"line":13,"column":4}},"3":{"start":{"line":14,"column":19},"end":{"line":14,"column":32}},"4":{"start":{"line":16,"column":26},"end":{"line":20,"column":3}},"5":{"start":{"line":17,"column":17},"end":{"line":17,"column":34}},"6":{"start":{"line":18,"column":18},"end":{"line":18,"column":36}},"7":{"start":{"line":19,"column":4},"end":{"line":19,"column":50}},"8":{"start":{"line":19,"column":21},"end":{"line":19,"column":47}},"9":{"start":{"line":22,"column":24},"end":{"line":39,"column":3}},"10":{"start":{"line":23,"column":4},"end":{"line":23,"column":27}},"11":{"start":{"line":24,"column":19},"end":{"line":24,"column":42}},"12":{"start":{"line":25,"column":4},"end":{"line":38,"column":5}},"13":{"start":{"line":26,"column":23},"end":{"line":26,"column":53}},"14":{"start":{"line":28,"column":6},"end":{"line":34,"column":7}},"15":{"start":{"line":29,"column":8},"end":{"line":29,"column":59}},"16":{"start":{"line":30,"column":8},"end":{"line":30,"column":18}},"17":{"start":{"line":31,"column":8},"end":{"line":31,"column":29}},"18":{"start":{"line":33,"column":8},"end":{"line":33,"column":37}},"19":{"start":{"line":36,"column":6},"end":{"line":36,"column":43}},"20":{"start":{"line":37,"column":6},"end":{"line":37,"column":47}},"21":{"start":{"line":41,"column":2},"end":{"line":59,"column":4}},"22":{"start":{"line":56,"column":54},"end":{"line":56,"column":75}}},"fnMap":{"0":{"name":"(anonymous_0)","decl":{"start":{"line":8,"column":14},"end":{"line":8,"column":15}},"loc":{"start":{"line":8,"column":31},"end":{"line":60,"column":1}},"line":8},"1":{"name":"(anonymous_1)","decl":{"start":{"line":16,"column":26},"end":{"line":16,"column":27}},"loc":{"start":{"line":16,"column":37},"end":{"line":20,"column":3}},"line":16},"2":{"name":"(anonymous_2)","decl":{"start":{"line":19,"column":12},"end":{"line":19,"column":13}},"loc":{"start":{"line":19,"column":21},"end":{"line":19,"column":47}},"line":19},"3":{"name":"(anonymous_3)","decl":{"start":{"line":22,"column":24},"end":{"line":22,"column":25}},"loc":{"start":{"line":22,"column":41},"end":{"line":39,"column":3}},"line":22},"4":{"name":"(anonymous_4)","decl":{"start":{"line":56,"column":48},"end":{"line":56,"column":49}},"loc":{"start":{"line":56,"column":54},"end":{"line":56,"column":75}},"line":56}},"branchMap":{"0":{"loc":{"start":{"line":28,"column":6},"end":{"line":34,"column":7}},"type":"if","locations":[{"start":{"line":28,"column":6},"end":{"line":34,"column":7}},{"start":{"line":32,"column":13},"end":{"line":34,"column":7}}],"line":28}},"s":{"0":1,"1":4,"2":4,"3":4,"4":4,"5":2,"6":2,"7":2,"8":2,"9":4,"10":0,"11":0,"12":0,"13":0,"14":0,"15":0,"16":0,"17":0,"18":0,"19":0,"20":0,"21":4,"22":0},"f":{"0":4,"1":2,"2":2,"3":0,"4":0},"b":{"0":[0,0]},"_coverageSchema":"1a1c01bbd47fc00a2c39e90264f33305004495a9","hash":"0886258f0cd8408e8b6bb1d6db17310855883366"}
,"D:\\CSMAX576\\Backup\\backup0209\\Food Delivery\\admin\\src\\pages\\Orders\\Orders.jsx": {"path":"D:\\CSMAX576\\Backup\\backup0209\\Food Delivery\\admin\\src\\pages\\Orders\\Orders.jsx","statementMap":{"0":{"start":{"line":7,"column":14},"end":{"line":75,"column":1}},"1":{"start":{"line":9,"column":30},"end":{"line":9,"column":42}},"2":{"start":{"line":11,"column":25},"end":{"line":20,"column":3}},"3":{"start":{"line":12,"column":21},"end":{"line":12,"column":59}},"4":{"start":{"line":13,"column":4},"end":{"line":19,"column":5}},"5":{"start":{"line":14,"column":6},"end":{"line":14,"column":46}},"6":{"start":{"line":15,"column":6},"end":{"line":15,"column":41}},"7":{"start":{"line":18,"column":6},"end":{"line":18,"column":20}},"8":{"start":{"line":22,"column":24},"end":{"line":30,"column":3}},"9":{"start":{"line":23,"column":21},"end":{"line":26,"column":6}},"10":{"start":{"line":27,"column":6},"end":{"line":29,"column":7}},"11":{"start":{"line":28,"column":8},"end":{"line":28,"column":31}},"12":{"start":{"line":33,"column":2},"end":{"line":35,"column":8}},"13":{"start":{"line":34,"column":4},"end":{"line":34,"column":21}},"14":{"start":{"line":37,"column":2},"end":{"line":74,"column":3}},"15":{"start":{"line":42,"column":8},"end":{"line":70,"column":14}},"16":{"start":{"line":47,"column":16},"end":{"line":52,"column":17}},"17":{"start":{"line":48,"column":18},"end":{"line":48,"column":58}},"18":{"start":{"line":51,"column":18},"end":{"line":51,"column":65}},"19":{"start":{"line":64,"column":39},"end":{"line":64,"column":70}}},"fnMap":{"0":{"name":"(anonymous_0)","decl":{"start":{"line":7,"column":14},"end":{"line":7,"column":15}},"loc":{"start":{"line":7,"column":25},"end":{"line":75,"column":1}},"line":7},"1":{"name":"(anonymous_1)","decl":{"start":{"line":11,"column":25},"end":{"line":11,"column":26}},"loc":{"start":{"line":11,"column":37},"end":{"line":20,"column":3}},"line":11},"2":{"name":"(anonymous_2)","decl":{"start":{"line":22,"column":24},"end":{"line":22,"column":25}},"loc":{"start":{"line":22,"column":48},"end":{"line":30,"column":3}},"line":22},"3":{"name":"(anonymous_3)","decl":{"start":{"line":33,"column":12},"end":{"line":33,"column":13}},"loc":{"start":{"line":33,"column":18},"end":{"line":35,"column":3}},"line":33},"4":{"name":"(anonymous_4)","decl":{"start":{"line":41,"column":18},"end":{"line":41,"column":19}},"loc":{"start":{"line":42,"column":8},"end":{"line":70,"column":14}},"line":42},"5":{"name":"(anonymous_5)","decl":{"start":{"line":46,"column":31},"end":{"line":46,"column":32}},"loc":{"start":{"line":46,"column":48},"end":{"line":53,"column":15}},"line":46},"6":{"name":"(anonymous_6)","decl":{"start":{"line":64,"column":28},"end":{"line":64,"column":29}},"loc":{"start":{"line":64,"column":39},"end":{"line":64,"column":70}},"line":64}},"branchMap":{"0":{"loc":{"start":{"line":13,"column":4},"end":{"line":19,"column":5}},"type":"if","locations":[{"start":{"line":13,"column":4},"end":{"line":19,"column":5}},{"start":{"line":17,"column":9},"end":{"line":19,"column":5}}],"line":13},"1":{"loc":{"start":{"line":27,"column":6},"end":{"line":29,"column":7}},"type":"if","locations":[{"start":{"line":27,"column":6},"end":{"line":29,"column":7}},{"start":{},"end":{}}],"line":27},"2":{"loc":{"start":{"line":47,"column":16},"end":{"line":52,"column":17}},"type":"if","locations":[{"start":{"line":47,"column":16},"end":{"line":52,"column":17}},{"start":{"line":50,"column":21},"end":{"line":52,"column":17}}],"line":47}},"s":{"0":1,"1":5,"2":5,"3":3,"4":3,"5":3,"6":3,"7":0,"8":5,"9":1,"10":1,"11":1,"12":5,"13":2,"14":5,"15":3,"16":3,"17":3,"18":0,"19":1},"f":{"0":5,"1":3,"2":1,"3":2,"4":3,"5":3,"6":1},"b":{"0":[3,0],"1":[1,0],"2":[3,0]},"_coverageSchema":"1a1c01bbd47fc00a2c39e90264f33305004495a9","hash":"c96487e3c7bd659d9d6ffae04e3532c8b20fa1b2"}
,"D:\\CSMAX576\\Backup\\backup0209\\Food Delivery\\admin\\src\\pages\\Register\\Register.jsx": {"path":"D:\\CSMAX576\\Backup\\backup0209\\Food Delivery\\admin\\src\\pages\\Register\\Register.jsx","statementMap":{"0":{"start":{"line":7,"column":17},"end":{"line":55,"column":1}},"1":{"start":{"line":8,"column":14},"end":{"line":8,"column":37}},"2":{"start":{"line":9,"column":26},"end":{"line":13,"column":4}},"3":{"start":{"line":14,"column":19},"end":{"line":14,"column":32}},"4":{"start":{"line":16,"column":26},"end":{"line":20,"column":3}},"5":{"start":{"line":17,"column":17},"end":{"line":17,"column":34}},"6":{"start":{"line":18,"column":18},"end":{"line":18,"column":36}},"7":{"start":{"line":19,"column":4},"end":{"line":19,"column":50}},"8":{"start":{"line":19,"column":21},"end":{"line":19,"column":47}},"9":{"start":{"line":22,"column":21},"end":{"line":33,"column":3}},"10":{"start":{"line":23,"column":4},"end":{"line":23,"column":27}},"11":{"start":{"line":24,"column":19},"end":{"line":24,"column":45}},"12":{"start":{"line":25,"column":21},"end":{"line":25,"column":51}},"13":{"start":{"line":27,"column":4},"end":{"line":32,"column":5}},"14":{"start":{"line":28,"column":6},"end":{"line":28,"column":57}},"15":{"start":{"line":29,"column":6},"end":{"line":29,"column":27}},"16":{"start":{"line":31,"column":6},"end":{"line":31,"column":35}},"17":{"start":{"line":35,"column":2},"end":{"line":54,"column":4}},"18":{"start":{"line":51,"column":57},"end":{"line":51,"column":75}}},"fnMap":{"0":{"name":"(anonymous_0)","decl":{"start":{"line":7,"column":17},"end":{"line":7,"column":18}},"loc":{"start":{"line":7,"column":23},"end":{"line":55,"column":1}},"line":7},"1":{"name":"(anonymous_1)","decl":{"start":{"line":16,"column":26},"end":{"line":16,"column":27}},"loc":{"start":{"line":16,"column":37},"end":{"line":20,"column":3}},"line":16},"2":{"name":"(anonymous_2)","decl":{"start":{"line":19,"column":12},"end":{"line":19,"column":13}},"loc":{"start":{"line":19,"column":21},"end":{"line":19,"column":47}},"line":19},"3":{"name":"(anonymous_3)","decl":{"start":{"line":22,"column":21},"end":{"line":22,"column":22}},"loc":{"start":{"line":22,"column":38},"end":{"line":33,"column":3}},"line":22},"4":{"name":"(anonymous_4)","decl":{"start":{"line":51,"column":51},"end":{"line":51,"column":52}},"loc":{"start":{"line":51,"column":57},"end":{"line":51,"column":75}},"line":51}},"branchMap":{"0":{"loc":{"start":{"line":27,"column":4},"end":{"line":32,"column":5}},"type":"if","locations":[{"start":{"line":27,"column":4},"end":{"line":32,"column":5}},{"start":{"line":30,"column":11},"end":{"line":32,"column":5}}],"line":27}},"s":{"0":1,"1":9,"2":9,"3":9,"4":9,"5":6,"6":6,"7":6,"8":6,"9":9,"10":0,"11":0,"12":0,"13":0,"14":0,"15":0,"16":0,"17":9,"18":0},"f":{"0":9,"1":6,"2":6,"3":0,"4":0},"b":{"0":[0,0]},"_coverageSchema":"1a1c01bbd47fc00a2c39e90264f33305004495a9","hash":"84b84f5879e69211027e5d0085c5bb2d4b20cff7"}
}
