TN:
SF:src\assets\assets.js
FNF:0
FNH:0
DA:18,2
DA:36,2
DA:76,2
LF:3
LH:3
BRF:0
BRH:0
end_of_record
TN:
SF:src\components\Navbar\Navbar.jsx
FN:10,(anonymous_0)
FNF:1
FNH:1
FNDA:1,(anonymous_0)
DA:10,1
DA:11,1
LF:2
LH:2
BRF:0
BRH:0
end_of_record
TN:
SF:src\pages\AddFood\AddFood.jsx
FN:9,(anonymous_0)
FN:20,(anonymous_1)
FN:32,(anonymous_2)
FN:35,(anonymous_3)
FN:38,(anonymous_4)
FN:42,(anonymous_5)
FN:89,(anonymous_6)
FNF:7
FNH:6
FNDA:12,(anonymous_0)
FNDA:2,(anonymous_1)
FNDA:6,(anonymous_2)
FNDA:6,(anonymous_3)
FNDA:10,(anonymous_4)
FNDA:2,(anonymous_5)
FNDA:0,(anonymous_6)
DA:9,1
DA:10,12
DA:11,12
DA:18,12
DA:20,12
DA:21,2
DA:23,2
DA:24,2
DA:25,2
DA:26,2
DA:28,2
DA:29,2
DA:32,12
DA:33,6
DA:34,6
DA:35,6
DA:38,12
DA:39,10
DA:42,12
DA:43,2
DA:45,2
DA:46,2
DA:47,2
DA:50,0
DA:51,0
DA:52,0
DA:53,0
DA:54,0
DA:55,0
DA:57,0
DA:58,0
DA:59,0
DA:60,0
DA:61,0
DA:67,0
DA:68,0
DA:70,0
DA:71,0
DA:74,0
DA:75,0
DA:79,12
DA:89,0
LF:42
LH:24
BRDA:23,0,0,0
BRDA:23,0,1,2
BRDA:24,1,0,0
BRDA:24,1,1,2
BRDA:25,2,0,0
BRDA:25,2,1,2
BRDA:25,3,0,2
BRDA:25,3,1,2
BRDA:26,4,0,2
BRDA:26,4,1,0
BRDA:45,5,0,2
BRDA:45,5,1,0
BRDA:59,6,0,0
BRDA:59,6,1,0
BRDA:86,7,0,0
BRDA:86,7,1,12
BRDA:95,8,0,12
BRDA:95,8,1,2
BRDA:100,9,0,12
BRDA:100,9,1,0
BRDA:112,10,0,12
BRDA:112,10,1,0
BRDA:138,11,0,12
BRDA:138,11,1,0
BRF:24
BRH:13
end_of_record
TN:
SF:src\pages\ListFood\ListFood.jsx
FN:7,(anonymous_0)
FN:9,(anonymous_1)
FN:21,(anonymous_2)
FN:32,(anonymous_3)
FN:48,(anonymous_4)
FN:55,(anonymous_5)
FNF:6
FNH:4
FNDA:2,(anonymous_0)
FNDA:1,(anonymous_1)
FNDA:0,(anonymous_2)
FNDA:1,(anonymous_3)
FNDA:2,(anonymous_4)
FNDA:0,(anonymous_5)
DA:7,1
DA:8,2
DA:9,2
DA:10,1
DA:11,1
DA:12,1
DA:13,1
DA:16,0
DA:21,2
DA:22,0
DA:23,0
DA:24,0
DA:25,0
DA:28,0
DA:32,2
DA:33,1
DA:36,2
DA:49,2
DA:55,0
LF:19
LH:12
BRDA:12,0,0,1
BRDA:12,0,1,0
BRDA:24,1,0,0
BRDA:24,1,1,0
BRF:4
BRH:1
end_of_record
TN:
SF:src\pages\Login\Login.jsx
FN:8,(anonymous_0)
FN:16,(anonymous_1)
FN:19,(anonymous_2)
FN:22,(anonymous_3)
FN:56,(anonymous_4)
FNF:5
FNH:3
FNDA:4,(anonymous_0)
FNDA:2,(anonymous_1)
FNDA:2,(anonymous_2)
FNDA:0,(anonymous_3)
FNDA:0,(anonymous_4)
DA:8,1
DA:9,4
DA:10,4
DA:14,4
DA:16,4
DA:17,2
DA:18,2
DA:19,2
DA:22,4
DA:23,0
DA:24,0
DA:25,0
DA:26,0
DA:28,0
DA:29,0
DA:30,0
DA:31,0
DA:33,0
DA:36,0
DA:37,0
DA:41,4
DA:56,0
LF:22
LH:10
BRDA:28,0,0,0
BRDA:28,0,1,0
BRF:2
BRH:0
end_of_record
TN:
SF:src\pages\Orders\Orders.jsx
FN:7,(anonymous_0)
FN:11,(anonymous_1)
FN:22,(anonymous_2)
FN:33,(anonymous_3)
FN:41,(anonymous_4)
FN:46,(anonymous_5)
FN:64,(anonymous_6)
FNF:7
FNH:7
FNDA:5,(anonymous_0)
FNDA:3,(anonymous_1)
FNDA:1,(anonymous_2)
FNDA:2,(anonymous_3)
FNDA:3,(anonymous_4)
FNDA:3,(anonymous_5)
FNDA:1,(anonymous_6)
DA:7,1
DA:9,5
DA:11,5
DA:12,3
DA:13,3
DA:14,3
DA:15,3
DA:18,0
DA:22,5
DA:23,1
DA:27,1
DA:28,1
DA:33,5
DA:34,2
DA:37,5
DA:42,3
DA:47,3
DA:48,3
DA:51,0
DA:64,1
LF:20
LH:18
BRDA:13,0,0,3
BRDA:13,0,1,0
BRDA:27,1,0,1
BRDA:27,1,1,0
BRDA:47,2,0,3
BRDA:47,2,1,0
BRF:6
BRH:3
end_of_record
TN:
SF:src\pages\Register\Register.jsx
FN:7,(anonymous_0)
FN:16,(anonymous_1)
FN:19,(anonymous_2)
FN:22,(anonymous_3)
FN:51,(anonymous_4)
FNF:5
FNH:3
FNDA:9,(anonymous_0)
FNDA:6,(anonymous_1)
FNDA:6,(anonymous_2)
FNDA:0,(anonymous_3)
FNDA:0,(anonymous_4)
DA:7,1
DA:8,9
DA:9,9
DA:14,9
DA:16,9
DA:17,6
DA:18,6
DA:19,6
DA:22,9
DA:23,0
DA:24,0
DA:25,0
DA:27,0
DA:28,0
DA:29,0
DA:31,0
DA:35,9
DA:51,0
LF:18
LH:10
BRDA:27,0,0,0
BRDA:27,0,1,0
BRF:2
BRH:0
end_of_record
